<?xml version="1.0" encoding="UTF-8"?>
<testng-results skipped="0" failed="0" ignored="0" total="1" passed="1">
  <reporter-output>
  </reporter-output>
  <suite name="Default suite" duration-ms="20300" started-at="2021-07-08T15:50:05 CDT" finished-at="2021-07-08T15:50:26 CDT">
    <groups>
    </groups>
    <test name="Default test" duration-ms="20300" started-at="2021-07-08T15:50:05 CDT" finished-at="2021-07-08T15:50:26 CDT">
      <class name="toggle_all_check_box_testing.all_boxAND_remove_testing">
        <test-method status="PASS" signature="all_boxAND_remove_tester()[pri:0, instance:toggle_all_check_box_testing.all_boxAND_remove_testing@2bea5ab4]" name="all_boxAND_remove_tester" duration-ms="20245" started-at="2021-07-08T15:50:05 CDT" finished-at="2021-07-08T15:50:26 CDT">
          <reporter-output>
          </reporter-output>
        </test-method> <!-- all_boxAND_remove_tester -->
      </class> <!-- toggle_all_check_box_testing.all_boxAND_remove_testing -->
    </test> <!-- Default test -->
  </suite> <!-- Default suite -->
</testng-results>
